// 同步 ID: 2bb3e819 @ Mon Jun 29 15:49:41 UTC 2026
// 同步 ID: fd399e8a @ Tue Jun 30 17:47:38 UTC 2026
// 同步 ID: ee725607 @ Wed Jul  1 11:17:30 UTC 2026
// 同步 ID: 10e8d11c @ Thu Jul  2 18:03:05 UTC 2026
// 重构日志: 4ad8b7cd
// 重构日志: b275d381
// 重构日志: d941b5c2
// 重构日志: 5c47b896
// 同步 ID: d8e017ea @ Sun Jul  5 22:29:10 UTC 2026
// 重构日志: d886b278
// 同步 ID: 7157fbdd @ Tue Jul  7 01:12:35 UTC 2026
// 同步 ID: 6bc29550 @ Thu Jul  9 01:31:24 UTC 2026
// 重构日志: 4f64d6e5
// 重构日志: ce55ea37
// 同步 ID: 3042e0b8 @ Mon Jul 13 18:15:21 UTC 2026
// 同步 ID: 15e600b4 @ Tue Jul 14 06:38:49 UTC 2026
// 重构日志: 31d1e787
// 重构日志: afcd8557
// 同步 ID: 545287f8 @ Wed Jul 15 00:23:32 UTC 2026
// 同步 ID: 9657fff6 @ Wed Jul 15 06:49:06 UTC 2026
// 同步 ID: aecc740b @ Wed Jul 15 16:37:07 UTC 2026
// 重构日志: 1c13acbb
// 重构日志: 87c8e135
// 重构日志: 8abc6e89
// 重构日志: 57170371
// 重构日志: 3ea8735a
// 重构日志: 78f38697
// 同步 ID: 7b784857 @ Wed Jul 22 04:05:12 UTC 2026
// 重构日志: 9a8d5faf
// 同步 ID: b3f2d3ad @ Wed Jul 22 22:21:22 UTC 2026
// 重构日志: a6363550
